# JRE version: OpenJDK Runtime Environment (11.0.13+8) (build 11.0.13+8-Ubuntu-0ubuntu1.20.04)
# Java VM: OpenJDK 64-Bit Server VM (11.0.13+8-Ubuntu-0ubuntu1.20.04, mixed mode, sharing, tiered, compressed oops, g1 gc, linux-amd64)
Heap:
 garbage-first heap   total 187392K, used 20156K [0x0000000084a00000, 0x0000000100000000)
  region size 1024K, 6 young (6144K), 4 survivors (4096K)
 Metaspace       used 34919K, capacity 36053K, committed 36252K, reserved 1081344K
  class space    used 4325K, capacity 4798K, committed 4864K, reserved 1048576K
GC Heap History (18 events):
Event: 1,211 GC heap before
{Heap before GC invocations=0 (full 0):
 garbage-first heap   total 129024K, used 15048K [0x0000000084a00000, 0x0000000100000000)
  region size 1024K, 14 young (14336K), 0 survivors (0K)
 Metaspace       used 2077K, capacity 5327K, committed 5376K, reserved 1056768K
  class space    used 191K, capacity 499K, committed 512K, reserved 1048576K
}
Event: 1,251 GC heap after
{Heap after GC invocations=1 (full 0):
 garbage-first heap   total 129024K, used 6339K [0x0000000084a00000, 0x0000000100000000)
  region size 1024K, 2 young (2048K), 2 survivors (2048K)
 Metaspace       used 2077K, capacity 5327K, committed 5376K, reserved 1056768K
  class space    used 191K, capacity 499K, committed 512K, reserved 1048576K
}
Event: 1,612 GC heap before
{Heap before GC invocations=1 (full 0):
 garbage-first heap   total 129024K, used 16579K [0x0000000084a00000, 0x0000000100000000)
  region size 1024K, 12 young (12288K), 2 survivors (2048K)
 Metaspace       used 3776K, capacity 6515K, committed 6656K, reserved 1056768K
  class space    used 401K, capacity 663K, committed 768K, reserved 1048576K
}
Event: 1,619 GC heap after
{Heap after GC invocations=2 (full 0):
 garbage-first heap   total 129024K, used 7139K [0x0000000084a00000, 0x0000000100000000)
  region size 1024K, 1 young (1024K), 1 survivors (1024K)
 Metaspace       used 3776K, capacity 6515K, committed 6656K, reserved 1056768K
  class space    used 401K, capacity 663K, committed 768K, reserved 1048576K
}
Event: 2,628 GC heap before
{Heap before GC invocations=2 (full 0):
 garbage-first heap   total 129024K, used 34787K [0x0000000084a00000, 0x0000000100000000)
  region size 1024K, 29 young (29696K), 1 survivors (1024K)
 Metaspace       used 8261K, capacity 9629K, committed 9728K, reserved 1058816K
  class space    used 1045K, capacity 1267K, committed 1280K, reserved 1048576K
}
Event: 2,637 GC heap after
{Heap after GC invocations=3 (full 0):
 garbage-first heap   total 129024K, used 8682K [0x0000000084a00000, 0x0000000100000000)
  region size 1024K, 2 young (2048K), 2 survivors (2048K)
 Metaspace       used 8261K, capacity 9629K, committed 9728K, reserved 1058816K
  class space    used 1045K, capacity 1267K, committed 1280K, reserved 1048576K
}
Event: 3,159 GC heap before
{Heap before GC invocations=3 (full 0):
 garbage-first heap   total 129024K, used 51690K [0x0000000084a00000, 0x0000000100000000)
  region size 1024K, 45 young (46080K), 2 survivors (2048K)
 Metaspace       used 14083K, capacity 14589K, committed 14848K, reserved 1062912K
  class space    used 1874K, capacity 2045K, committed 2048K, reserved 1048576K
}
Event: 3,168 GC heap after
{Heap after GC invocations=4 (full 0):
 garbage-first heap   total 129024K, used 10122K [0x0000000084a00000, 0x0000000100000000)
  region size 1024K, 4 young (4096K), 4 survivors (4096K)
 Metaspace       used 14083K, capacity 14589K, committed 14848K, reserved 1062912K
  class space    used 1874K, capacity 2045K, committed 2048K, reserved 1048576K
}
Event: 3,737 GC heap before
{Heap before GC invocations=4 (full 0):
 garbage-first heap   total 129024K, used 66442K [0x0000000084a00000, 0x0000000100000000)
  region size 1024K, 60 young (61440K), 4 survivors (4096K)
 Metaspace       used 17947K, capacity 18504K, committed 18944K, reserved 1064960K
  class space    used 2264K, capacity 2471K, committed 2560K, reserved 1048576K
}
Event: 3,749 GC heap after
{Heap after GC invocations=5 (full 0):
 garbage-first heap   total 155648K, used 11332K [0x0000000084a00000, 0x0000000100000000)
  region size 1024K, 5 young (5120K), 5 survivors (5120K)
 Metaspace       used 17947K, capacity 18504K, committed 18944K, reserved 1064960K
  class space    used 2264K, capacity 2471K, committed 2560K, reserved 1048576K
}
Event: 4,105 GC heap before
{Heap before GC invocations=5 (full 0):
 garbage-first heap   total 155648K, used 40004K [0x0000000084a00000, 0x0000000100000000)
  region size 1024K, 35 young (35840K), 5 survivors (5120K)
 Metaspace       used 20434K, capacity 21085K, committed 21296K, reserved 1067008K
  class space    used 2584K, capacity 2843K, committed 2944K, reserved 1048576K
}
Event: 4,118 GC heap after
{Heap after GC invocations=6 (full 0):
 garbage-first heap   total 155648K, used 12585K [0x0000000084a00000, 0x0000000100000000)
  region size 1024K, 6 young (6144K), 6 survivors (6144K)
 Metaspace       used 20434K, capacity 21085K, committed 21296K, reserved 1067008K
  class space    used 2584K, capacity 2843K, committed 2944K, reserved 1048576K
}
Event: 6,215 GC heap before
{Heap before GC invocations=7 (full 0):
 garbage-first heap   total 155648K, used 89385K [0x0000000084a00000, 0x0000000100000000)
  region size 1024K, 81 young (82944K), 6 survivors (6144K)
 Metaspace       used 27530K, capacity 28404K, committed 28720K, reserved 1075200K
  class space    used 3505K, capacity 3849K, committed 3968K, reserved 1048576K
}
Event: 6,234 GC heap after
{Heap after GC invocations=8 (full 0):
 garbage-first heap   total 155648K, used 15517K [0x0000000084a00000, 0x0000000100000000)
  region size 1024K, 9 young (9216K), 9 survivors (9216K)
 Metaspace       used 27530K, capacity 28404K, committed 28720K, reserved 1075200K
  class space    used 3505K, capacity 3849K, committed 3968K, reserved 1048576K
}
Event: 7,304 GC heap before
{Heap before GC invocations=8 (full 0):
 garbage-first heap   total 155648K, used 98461K [0x0000000084a00000, 0x0000000100000000)
  region size 1024K, 91 young (93184K), 9 survivors (9216K)
 Metaspace       used 32256K, capacity 33412K, committed 33712K, reserved 1079296K
  class space    used 4078K, capacity 4537K, committed 4608K, reserved 1048576K
}
Event: 7,331 GC heap after
{Heap after GC invocations=9 (full 0):
 garbage-first heap   total 155648K, used 18059K [0x0000000084a00000, 0x0000000100000000)
  region size 1024K, 9 young (9216K), 9 survivors (9216K)
 Metaspace       used 32256K, capacity 33412K, committed 33712K, reserved 1079296K
  class space    used 4078K, capacity 4537K, committed 4608K, reserved 1048576K
}
Event: 7,855 GC heap before
{Heap before GC invocations=9 (full 0):
 garbage-first heap   total 155648K, used 25227K [0x0000000084a00000, 0x0000000100000000)
  region size 1024K, 17 young (17408K), 9 survivors (9216K)
 Metaspace       used 34556K, capacity 35733K, committed 35888K, reserved 1081344K
  class space    used 4277K, capacity 4734K, committed 4736K, reserved 1048576K
}
Event: 7,871 GC heap after
{Heap after GC invocations=10 (full 0):
 garbage-first heap   total 187392K, used 19132K [0x0000000084a00000, 0x0000000100000000)
  region size 1024K, 4 young (4096K), 4 survivors (4096K)
 Metaspace       used 34556K, capacity 35733K, committed 35888K, reserved 1081344K
  class space    used 4277K, capacity 4734K, committed 4736K, reserved 1048576K
}

