# JRE version: OpenJDK Runtime Environment (11.0.13+8) (build 11.0.13+8-Ubuntu-0ubuntu1.20.04)
# Java VM: OpenJDK 64-Bit Server VM (11.0.13+8-Ubuntu-0ubuntu1.20.04, mixed mode, sharing, tiered, compressed oops, g1 gc, linux-amd64)
Heap:
 garbage-first heap   total 264192K, used 30148K [0x00000000e0000000, 0x0000000100000000)
  region size 1024K, 12 young (12288K), 9 survivors (9216K)
 Metaspace       used 35145K, capacity 36262K, committed 36380K, reserved 286720K
  class space    used 4772K, capacity 5168K, committed 5196K, reserved 253952K
GC Heap History (14 events):
Event: 0,702 GC heap before
{Heap before GC invocations=0 (full 0):
 garbage-first heap   total 264192K, used 20168K [0x00000000e0000000, 0x0000000100000000)
  region size 1024K, 14 young (14336K), 0 survivors (0K)
 Metaspace       used 1123K, capacity 4897K, committed 5120K, reserved 262144K
  class space    used 95K, capacity 482K, committed 512K, reserved 253952K
}
Event: 0,713 GC heap after
{Heap after GC invocations=1 (full 0):
 garbage-first heap   total 264192K, used 8069K [0x00000000e0000000, 0x0000000100000000)
  region size 1024K, 2 young (2048K), 2 survivors (2048K)
 Metaspace       used 1123K, capacity 4897K, committed 5120K, reserved 262144K
  class space    used 95K, capacity 482K, committed 512K, reserved 253952K
}
Event: 1,117 GC heap before
{Heap before GC invocations=1 (full 0):
 garbage-first heap   total 264192K, used 19333K [0x00000000e0000000, 0x0000000100000000)
  region size 1024K, 13 young (13312K), 2 survivors (2048K)
 Metaspace       used 3455K, capacity 6319K, committed 6400K, reserved 262144K
  class space    used 442K, capacity 746K, committed 768K, reserved 253952K
}
Event: 1,126 GC heap after
{Heap after GC invocations=2 (full 0):
 garbage-first heap   total 264192K, used 9850K [0x00000000e0000000, 0x0000000100000000)
  region size 1024K, 2 young (2048K), 2 survivors (2048K)
 Metaspace       used 3455K, capacity 6319K, committed 6400K, reserved 262144K
  class space    used 442K, capacity 746K, committed 768K, reserved 253952K
}
Event: 1,421 GC heap before
{Heap before GC invocations=2 (full 0):
 garbage-first heap   total 264192K, used 38522K [0x00000000e0000000, 0x0000000100000000)
  region size 1024K, 29 young (29696K), 2 survivors (2048K)
 Metaspace       used 4398K, capacity 6923K, committed 7040K, reserved 262144K
  class space    used 539K, capacity 819K, committed 896K, reserved 253952K
}
Event: 1,428 GC heap after
{Heap after GC invocations=3 (full 0):
 garbage-first heap   total 264192K, used 11204K [0x00000000e0000000, 0x0000000100000000)
  region size 1024K, 4 young (4096K), 4 survivors (4096K)
 Metaspace       used 4398K, capacity 6923K, committed 7040K, reserved 262144K
  class space    used 539K, capacity 819K, committed 896K, reserved 253952K
}
Event: 2,474 GC heap before
{Heap before GC invocations=3 (full 0):
 garbage-first heap   total 264192K, used 53188K [0x00000000e0000000, 0x0000000100000000)
  region size 1024K, 45 young (46080K), 4 survivors (4096K)
 Metaspace       used 9784K, capacity 10174K, committed 10496K, reserved 264192K
  class space    used 1357K, capacity 1461K, committed 1536K, reserved 253952K
}
Event: 2,485 GC heap after
{Heap after GC invocations=4 (full 0):
 garbage-first heap   total 264192K, used 16012K [0x00000000e0000000, 0x0000000100000000)
  region size 1024K, 6 young (6144K), 6 survivors (6144K)
 Metaspace       used 9784K, capacity 10174K, committed 10496K, reserved 264192K
  class space    used 1357K, capacity 1461K, committed 1536K, reserved 253952K
}
Event: 4,281 GC heap before
{Heap before GC invocations=4 (full 0):
 garbage-first heap   total 264192K, used 119436K [0x00000000e0000000, 0x0000000100000000)
  region size 1024K, 108 young (110592K), 6 survivors (6144K)
 Metaspace       used 20610K, capacity 21235K, committed 21296K, reserved 272384K
  class space    used 2972K, capacity 3176K, committed 3200K, reserved 253952K
}
Event: 4,298 GC heap after
{Heap after GC invocations=5 (full 0):
 garbage-first heap   total 264192K, used 20398K [0x00000000e0000000, 0x0000000100000000)
  region size 1024K, 11 young (11264K), 11 survivors (11264K)
 Metaspace       used 20610K, capacity 21235K, committed 21296K, reserved 272384K
  class space    used 2972K, capacity 3176K, committed 3200K, reserved 253952K
}
Event: 6,724 GC heap before
{Heap before GC invocations=6 (full 0):
 garbage-first heap   total 264192K, used 138158K [0x00000000e0000000, 0x0000000100000000)
  region size 1024K, 124 young (126976K), 11 survivors (11264K)
 Metaspace       used 33860K, capacity 34858K, committed 34944K, reserved 284672K
  class space    used 4582K, capacity 4965K, committed 4992K, reserved 253952K
}
Event: 6,774 GC heap after
{Heap after GC invocations=7 (full 0):
 garbage-first heap   total 264192K, used 27785K [0x00000000e0000000, 0x0000000100000000)
  region size 1024K, 16 young (16384K), 16 survivors (16384K)
 Metaspace       used 33860K, capacity 34858K, committed 34944K, reserved 284672K
  class space    used 4582K, capacity 4965K, committed 4992K, reserved 253952K
}
Event: 7,156 GC heap before
{Heap before GC invocations=7 (full 0):
 garbage-first heap   total 264192K, used 46217K [0x00000000e0000000, 0x0000000100000000)
  region size 1024K, 35 young (35840K), 16 survivors (16384K)
 Metaspace       used 34983K, capacity 36003K, committed 36048K, reserved 286720K
  class space    used 4741K, capacity 5103K, committed 5120K, reserved 253952K
}
Event: 7,180 GC heap after
{Heap after GC invocations=8 (full 0):
 garbage-first heap   total 264192K, used 28100K [0x00000000e0000000, 0x0000000100000000)
  region size 1024K, 9 young (9216K), 9 survivors (9216K)
 Metaspace       used 34983K, capacity 36003K, committed 36048K, reserved 286720K
  class space    used 4741K, capacity 5103K, committed 5120K, reserved 253952K
}

