# JRE version: OpenJDK Runtime Environment (11.0.13+8) (build 11.0.13+8-Ubuntu-0ubuntu1.20.04)
# Java VM: OpenJDK 64-Bit Server VM (11.0.13+8-Ubuntu-0ubuntu1.20.04, mixed mode, sharing, tiered, compressed oops, g1 gc, linux-amd64)
Heap:
 garbage-first heap   total 206848K, used 109117K [0x0000000084a00000, 0x0000000100000000)
  region size 1024K, 95 young (97280K), 7 survivors (7168K)
 Metaspace       used 49378K, capacity 50693K, committed 51100K, reserved 1093632K
  class space    used 6306K, capacity 6815K, committed 6912K, reserved 1048576K
GC Heap History (19 events):
Event: 0,946 GC heap before
{Heap before GC invocations=0 (full 0):
 garbage-first heap   total 129024K, used 15048K [0x0000000084a00000, 0x0000000100000000)
  region size 1024K, 14 young (14336K), 0 survivors (0K)
 Metaspace       used 2089K, capacity 5391K, committed 5632K, reserved 1056768K
  class space    used 192K, capacity 499K, committed 512K, reserved 1048576K
}
Event: 0,962 GC heap after
{Heap after GC invocations=1 (full 0):
 garbage-first heap   total 129024K, used 6400K [0x0000000084a00000, 0x0000000100000000)
  region size 1024K, 2 young (2048K), 2 survivors (2048K)
 Metaspace       used 2089K, capacity 5391K, committed 5632K, reserved 1056768K
  class space    used 192K, capacity 499K, committed 512K, reserved 1048576K
}
Event: 1,311 GC heap before
{Heap before GC invocations=1 (full 0):
 garbage-first heap   total 129024K, used 17664K [0x0000000084a00000, 0x0000000100000000)
  region size 1024K, 13 young (13312K), 2 survivors (2048K)
 Metaspace       used 4102K, capacity 6704K, committed 6912K, reserved 1056768K
  class space    used 444K, capacity 685K, committed 768K, reserved 1048576K
}
Event: 1,320 GC heap after
{Heap after GC invocations=2 (full 0):
 garbage-first heap   total 129024K, used 7055K [0x0000000084a00000, 0x0000000100000000)
  region size 1024K, 1 young (1024K), 1 survivors (1024K)
 Metaspace       used 4102K, capacity 6704K, committed 6912K, reserved 1056768K
  class space    used 444K, capacity 685K, committed 768K, reserved 1048576K
}
Event: 2,091 GC heap before
{Heap before GC invocations=2 (full 0):
 garbage-first heap   total 129024K, used 34703K [0x0000000084a00000, 0x0000000100000000)
  region size 1024K, 28 young (28672K), 1 survivors (1024K)
 Metaspace       used 8555K, capacity 9982K, committed 10368K, reserved 1058816K
  class space    used 1066K, capacity 1299K, committed 1408K, reserved 1048576K
}
Event: 2,099 GC heap after
{Heap after GC invocations=3 (full 0):
 garbage-first heap   total 129024K, used 8674K [0x0000000084a00000, 0x0000000100000000)
  region size 1024K, 3 young (3072K), 3 survivors (3072K)
 Metaspace       used 8555K, capacity 9982K, committed 10368K, reserved 1058816K
  class space    used 1066K, capacity 1299K, committed 1408K, reserved 1048576K
}
Event: 2,690 GC heap before
{Heap before GC invocations=3 (full 0):
 garbage-first heap   total 129024K, used 49634K [0x0000000084a00000, 0x0000000100000000)
  region size 1024K, 43 young (44032K), 3 survivors (3072K)
 Metaspace       used 13988K, capacity 14580K, committed 14592K, reserved 1062912K
  class space    used 1855K, capacity 2042K, committed 2048K, reserved 1048576K
}
Event: 2,704 GC heap after
{Heap after GC invocations=4 (full 0):
 garbage-first heap   total 129024K, used 9880K [0x0000000084a00000, 0x0000000100000000)
  region size 1024K, 4 young (4096K), 4 survivors (4096K)
 Metaspace       used 13988K, capacity 14580K, committed 14592K, reserved 1062912K
  class space    used 1855K, capacity 2042K, committed 2048K, reserved 1048576K
}
Event: 3,103 GC heap before
{Heap before GC invocations=4 (full 0):
 garbage-first heap   total 129024K, used 80536K [0x0000000084a00000, 0x0000000100000000)
  region size 1024K, 74 young (75776K), 4 survivors (4096K)
 Metaspace       used 18820K, capacity 19386K, committed 19584K, reserved 1067008K
  class space    used 2361K, capacity 2572K, committed 2688K, reserved 1048576K
}
Event: 3,118 GC heap after
{Heap after GC invocations=5 (full 0):
 garbage-first heap   total 155648K, used 11497K [0x0000000084a00000, 0x0000000100000000)
  region size 1024K, 5 young (5120K), 5 survivors (5120K)
 Metaspace       used 18820K, capacity 19386K, committed 19584K, reserved 1067008K
  class space    used 2361K, capacity 2572K, committed 2688K, reserved 1048576K
}
Event: 3,372 GC heap before
{Heap before GC invocations=5 (full 0):
 garbage-first heap   total 155648K, used 28905K [0x0000000084a00000, 0x0000000100000000)
  region size 1024K, 23 young (23552K), 5 survivors (5120K)
 Metaspace       used 20423K, capacity 21093K, committed 21296K, reserved 1067008K
  class space    used 2587K, capacity 2845K, committed 2944K, reserved 1048576K
}
Event: 3,393 GC heap after
{Heap after GC invocations=6 (full 0):
 garbage-first heap   total 155648K, used 12149K [0x0000000084a00000, 0x0000000100000000)
  region size 1024K, 6 young (6144K), 6 survivors (6144K)
 Metaspace       used 20423K, capacity 21093K, committed 21296K, reserved 1067008K
  class space    used 2587K, capacity 2845K, committed 2944K, reserved 1048576K
}
Event: 5,004 GC heap before
{Heap before GC invocations=7 (full 0):
 garbage-first heap   total 155648K, used 86901K [0x0000000084a00000, 0x0000000100000000)
  region size 1024K, 79 young (80896K), 6 survivors (6144K)
 Metaspace       used 27462K, capacity 28338K, committed 28720K, reserved 1075200K
  class space    used 3501K, capacity 3847K, committed 3968K, reserved 1048576K
}
Event: 5,030 GC heap after
{Heap after GC invocations=8 (full 0):
 garbage-first heap   total 155648K, used 15116K [0x0000000084a00000, 0x0000000100000000)
  region size 1024K, 8 young (8192K), 8 survivors (8192K)
 Metaspace       used 27462K, capacity 28338K, committed 28720K, reserved 1075200K
  class space    used 3501K, capacity 3847K, committed 3968K, reserved 1048576K
}
Event: 5,852 GC heap before
{Heap before GC invocations=8 (full 0):
 garbage-first heap   total 155648K, used 96012K [0x0000000084a00000, 0x0000000100000000)
  region size 1024K, 88 young (90112K), 8 survivors (8192K)
 Metaspace       used 32112K, capacity 33277K, committed 33456K, reserved 1079296K
  class space    used 4066K, capacity 4534K, committed 4608K, reserved 1048576K
}
Event: 5,875 GC heap after
{Heap after GC invocations=9 (full 0):
 garbage-first heap   total 155648K, used 17170K [0x0000000084a00000, 0x0000000100000000)
  region size 1024K, 8 young (8192K), 8 survivors (8192K)
 Metaspace       used 32112K, capacity 33277K, committed 33456K, reserved 1079296K
  class space    used 4066K, capacity 4534K, committed 4608K, reserved 1048576K
}
Event: 6,104 GC heap before
{Heap before GC invocations=9 (full 0):
 garbage-first heap   total 155648K, used 26386K [0x0000000084a00000, 0x0000000100000000)
  region size 1024K, 18 young (18432K), 8 survivors (8192K)
 Metaspace       used 34535K, capacity 35672K, committed 35888K, reserved 1081344K
  class space    used 4276K, capacity 4734K, committed 4736K, reserved 1048576K
}
Event: 6,120 GC heap after
{Heap after GC invocations=10 (full 0):
 garbage-first heap   total 206848K, used 19005K [0x0000000084a00000, 0x0000000100000000)
  region size 1024K, 8 young (8192K), 8 survivors (8192K)
 Metaspace       used 34535K, capacity 35672K, committed 35888K, reserved 1081344K
  class space    used 4276K, capacity 4734K, committed 4736K, reserved 1048576K
}
Event: 8,167 GC heap before
{Heap before GC invocations=11 (full 0):
 garbage-first heap   total 206848K, used 109117K [0x0000000084a00000, 0x0000000100000000)
  region size 1024K, 96 young (98304K), 8 survivors (8192K)
 Metaspace       used 49378K, capacity 50693K, committed 51100K, reserved 1093632K
  class space    used 6306K, capacity 6815K, committed 6912K, reserved 1048576K
}

